servers.t07001.memory.MemTotal 8370307072 1415423610
servers.t07001.memory.MemFree 798208000 1415423610
servers.t07001.memory.Buffers 1293606912 1415423610
servers.t07001.memory.Cached 4891537408 1415423610
servers.t07001.memory.SwapCached 6107136 1415423610
servers.t07001.memory.Active 5484404736 1415423610
servers.t07001.memory.Inactive 1604612096 1415423610
servers.t07001.memory.SwapTotal 21476196352 1415423610
servers.t07001.memory.SwapFree 20947935232 1415423610
servers.t07001.memory.Dirty 3186688 1415423610
servers.t07001.memory.Committed_AS 3128487936 1415423610
servers.t07001.cpu.total.steal 0 1415423610
servers.t07001.cpu.total.iowait 4 1415423610
servers.t07001.cpu.total.system 4 1415423610
servers.t07001.cpu.total.user 10 1415423610
servers.t07001.cpu.total.nice 0 1415423610
servers.t07001.cpu.total.idle 782 1415423610
servers.t07001.cpu.total.softirq 0 1415423610
servers.t07001.cpu.total.irq 0 1415423610
servers.t07001.diskspace.root.byte_percentfree 93.40 1415423610
servers.t07001.diskspace.root.byte_used 4694118400.00 1415423610
servers.t07001.diskspace.root.byte_free 66409160704.00 1415423610
servers.t07001.diskspace.root.byte_avail 62739046400.00 1415423610
servers.t07001.diskspace.root.inodes_percentfree 99 1415423610
servers.t07001.diskspace.root.inodes_used 133321 1415423610
servers.t07001.diskspace.root.inodes_free 17790775 1415423610
servers.t07001.diskspace.root.inodes_avail 17790775 1415423610
servers.t07001.diskspace.data.byte_percentfree 87.79 1415423610
servers.t07001.diskspace.data.byte_used 35455680512.00 1415423610
servers.t07001.diskspace.data.byte_free 255027720192.00 1415423610
servers.t07001.diskspace.data.byte_avail 240033861632.00 1415423610
servers.t07001.diskspace.data.inodes_percentfree 100 1415423610
servers.t07001.diskspace.data.inodes_used 10451 1415423610
servers.t07001.diskspace.data.inodes_free 73226029 1415423610
servers.t07001.diskspace.data.inodes_avail 73226029 1415423610
servers.t07001.diskspace.usrlocal.byte_percentfree 99.23 1415423610
servers.t07001.diskspace.usrlocal.byte_used 1529978880.00 1415423610
servers.t07001.diskspace.usrlocal.byte_free 197046460416.00 1415423610
servers.t07001.diskspace.usrlocal.byte_avail 186796531712.00 1415423610
servers.t07001.diskspace.usrlocal.inodes_percentfree 100 1415423610
servers.t07001.diskspace.usrlocal.inodes_used 40368 1415423610
servers.t07001.diskspace.usrlocal.inodes_free 50029136 1415423610
servers.t07001.diskspace.usrlocal.inodes_avail 50029136 1415423610
servers.t07001.sensors.Ambient.Temp 33 1415423614
servers.t07001.sensors.AVG.Power 270 1415423614
servers.t07001.sensors.SEL.Fullness 6 1415423614
servers.t07001.loadavg.01 0.14 1415423614
servers.t07001.loadavg.05 0.45 1415423614
servers.t07001.loadavg.15 0.51 1415423614
servers.t07001.loadavg.processes_running 2 1415423614
servers.t07001.loadavg.processes_total 210 1415423614
servers.t07001.vmstat.pswpout 0 1415423614
servers.t07001.vmstat.pgpgin 0 1415423614
servers.t07001.vmstat.pgpgout 524 1415423614
servers.t07001.vmstat.pswpin 0 1415423614
servers.t07001.users.total 1 1415423614
servers.t07001.users.root 1 1415423614
servers.t07001.uptime.minutes 662283 1415423614
servers.t07001.iostat.sda.read_byte_per_second 0 1415423614
servers.t07001.iostat.sda.read_requests_merged_per_second 0 1415423614
servers.t07001.iostat.sda.write_requests_merged_per_second 97 1415423614
servers.t07001.iostat.sda.writes_per_second 9 1415423614
servers.t07001.iostat.sda.reads_per_second 0 1415423614
servers.t07001.iostat.sda.write_byte_per_second 436197 1415423614
servers.t07001.iostat.sdb.read_byte_per_second 0 1415423614
servers.t07001.iostat.sdb.read_requests_merged_per_second 0 1415423614
servers.t07001.iostat.sdb.write_requests_merged_per_second 16 1415423614
servers.t07001.iostat.sdb.writes_per_second 6 1415423614
servers.t07001.iostat.sdb.reads_per_second 0 1415423614
servers.t07001.iostat.sdb.write_byte_per_second 90548 1415423614
servers.t07001.network.eth1.rx_packets 90 1415423614
servers.t07001.network.eth1.rx_drop 0 1415423614
servers.t07001.network.eth1.rx_bit 153950 1415423614
servers.t07001.network.eth1.tx_errors 0 1415423614
servers.t07001.network.eth1.rx_errors 0 1415423614
servers.t07001.network.eth1.tx_drop 0 1415423614
servers.t07001.network.eth1.tx_bit 4772163 1415423614
servers.t07001.network.eth1.tx_packets 434 1415423614
servers.t07001.network.eth0.rx_packets 1 1415423614
servers.t07001.network.eth0.rx_drop 0 1415423614
servers.t07001.network.eth0.rx_bit 526 1415423614
servers.t07001.network.eth0.tx_errors 0 1415423614
servers.t07001.network.eth0.rx_errors 0 1415423614
servers.t07001.network.eth0.tx_drop 0 1415423614
servers.t07001.network.eth0.tx_bit 9 1415423614
servers.t07001.network.eth0.tx_packets 0 1415423614
